<?xml version="1.0" encoding="UTF-8"?>
<!-- Generated by org.testng.reporters.JUnitReportReporter -->
<testsuite hostname="EC2AMAZ-S11DBRH" failures="0" tests="1" name="runner.testRunner" time="18.465" errors="0" timestamp="2023-11-07T14:00:16 GMT" skipped="0">
  <testcase classname="runner.testRunner" name="runScenario" time="18.465"/>
  <system-out/>
</testsuite> <!-- runner.testRunner -->
